<?xml version="1.0" encoding="UTF-8"?>
<!-- Generated by org.testng.reporters.JUnitReportReporter -->
<testsuite hostname="LAPTOP-BQ956QGJ" failures="0" tests="2" name="com.training.sanity.tests.AddNewItemTest" time="14.006" errors="1" timestamp="16 Oct 2020 04:34:12 GMT" skipped="1">
  <testcase classname="com.training.sanity.tests.AddNewItemTest" name="validLoginTest" time="0.000">
    <skipped/>
  </testcase> <!-- validLoginTest -->
  <testcase classname="com.training.sanity.tests.AddNewItemTest" name="setUpBeforeClass" time="14.006">
    <error message="session not created
from chrome not reachable
  (Session info: chrome=86.0.4240.75)
Build info: version: &#039;3.6.0&#039;, revision: &#039;6fbf3ec767&#039;, time: &#039;2017-09-27T15:28:36.4Z&#039;
System info: host: &#039;LAPTOP-BQ956QGJ&#039;, ip: &#039;192.168.1.101&#039;, os.name: &#039;Windows 10&#039;, os.arch: &#039;amd64&#039;, os.version: &#039;10.0&#039;, java.version: &#039;11.0.8&#039;
Driver info: driver.version: ChromeDriver
remote stacktrace: Backtrace:
	Ordinal0 [0x0078D383+3134339]
	Ordinal0 [0x0067A171+2007409]
	Ordinal0 [0x0051AD90+568720]
	Ordinal0 [0x00511364+529252]
	Ordinal0 [0x005119FC+530940]
	Ordinal0 [0x00512C15+535573]
	Ordinal0 [0x0050DFC5+516037]
	Ordinal0 [0x0051BF70+573296]
	Ordinal0 [0x004C1916+203030]
	Ordinal0 [0x004C0C1D+199709]
	Ordinal0 [0x004BEB0B+191243]
	Ordinal0 [0x004A2E77+77431]
	Ordinal0 [0x004A3E3E+81470]
	Ordinal0 [0x004A3DC9+81353]
	Ordinal0 [0x00690CD9+2100441]
	GetHandleVerifier [0x008FB75A+1396954]
	GetHandleVerifier [0x008FB3D9+1396057]
	GetHandleVerifier [0x00907126+1444518]
	GetHandleVerifier [0x008FBCE8+1398376]
	Ordinal0 [0x00687F51+2064209]
	Ordinal0 [0x006922EB+2106091]
	Ordinal0 [0x00692411+2106385]
	Ordinal0 [0x006A49C4+2181572]
	BaseThreadInitThunk [0x76EE6359+25]
	RtlGetAppContainerNamedObjectPath [0x774C7C24+228]
	RtlGetAppContainerNamedObjectPath [0x774C7BF4+180]
" type="org.openqa.selenium.SessionNotCreatedException">
      <![CDATA[org.openqa.selenium.SessionNotCreatedException: session not created
from chrome not reachable
  (Session info: chrome=86.0.4240.75)
Build info: version: '3.6.0', revision: '6fbf3ec767', time: '2017-09-27T15:28:36.4Z'
System info: host: 'LAPTOP-BQ956QGJ', ip: '192.168.1.101', os.name: 'Windows 10', os.arch: 'amd64', os.version: '10.0', java.version: '11.0.8'
Driver info: driver.version: ChromeDriver
remote stacktrace: Backtrace:
	Ordinal0 [0x0078D383+3134339]
	Ordinal0 [0x0067A171+2007409]
	Ordinal0 [0x0051AD90+568720]
	Ordinal0 [0x00511364+529252]
	Ordinal0 [0x005119FC+530940]
	Ordinal0 [0x00512C15+535573]
	Ordinal0 [0x0050DFC5+516037]
	Ordinal0 [0x0051BF70+573296]
	Ordinal0 [0x004C1916+203030]
	Ordinal0 [0x004C0C1D+199709]
	Ordinal0 [0x004BEB0B+191243]
	Ordinal0 [0x004A2E77+77431]
	Ordinal0 [0x004A3E3E+81470]
	Ordinal0 [0x004A3DC9+81353]
	Ordinal0 [0x00690CD9+2100441]
	GetHandleVerifier [0x008FB75A+1396954]
	GetHandleVerifier [0x008FB3D9+1396057]
	GetHandleVerifier [0x00907126+1444518]
	GetHandleVerifier [0x008FBCE8+1398376]
	Ordinal0 [0x00687F51+2064209]
	Ordinal0 [0x006922EB+2106091]
	Ordinal0 [0x00692411+2106385]
	Ordinal0 [0x006A49C4+2181572]
	BaseThreadInitThunk [0x76EE6359+25]
	RtlGetAppContainerNamedObjectPath [0x774C7C24+228]
	RtlGetAppContainerNamedObjectPath [0x774C7BF4+180]

	at java.base/jdk.internal.reflect.NativeConstructorAccessorImpl.newInstance0(Native Method)
	at java.base/jdk.internal.reflect.NativeConstructorAccessorImpl.newInstance(NativeConstructorAccessorImpl.java:62)
	at java.base/jdk.internal.reflect.DelegatingConstructorAccessorImpl.newInstance(DelegatingConstructorAccessorImpl.java:45)
	at java.base/java.lang.reflect.Constructor.newInstance(Constructor.java:490)
	at org.openqa.selenium.remote.W3CHandshakeResponse.lambda$new$0(W3CHandshakeResponse.java:57)
	at org.openqa.selenium.remote.W3CHandshakeResponse.lambda$getResponseFunction$2(W3CHandshakeResponse.java:104)
	at org.openqa.selenium.remote.ProtocolHandshake.lambda$createSession$24(ProtocolHandshake.java:359)
	at java.base/java.util.stream.ReferencePipeline$3$1.accept(ReferencePipeline.java:195)
	at java.base/java.util.Spliterators$ArraySpliterator.tryAdvance(Spliterators.java:958)
	at java.base/java.util.stream.ReferencePipeline.forEachWithCancel(ReferencePipeline.java:127)
	at java.base/java.util.stream.AbstractPipeline.copyIntoWithCancel(AbstractPipeline.java:502)
	at java.base/java.util.stream.AbstractPipeline.copyInto(AbstractPipeline.java:488)
	at java.base/java.util.stream.AbstractPipeline.wrapAndCopyInto(AbstractPipeline.java:474)
	at java.base/java.util.stream.FindOps$FindOp.evaluateSequential(FindOps.java:150)
	at java.base/java.util.stream.AbstractPipeline.evaluate(AbstractPipeline.java:234)
	at java.base/java.util.stream.ReferencePipeline.findFirst(ReferencePipeline.java:543)
	at org.openqa.selenium.remote.ProtocolHandshake.createSession(ProtocolHandshake.java:362)
	at org.openqa.selenium.remote.ProtocolHandshake.createSession(ProtocolHandshake.java:136)
	at org.openqa.selenium.remote.HttpCommandExecutor.execute(HttpCommandExecutor.java:142)
	at org.openqa.selenium.remote.service.DriverCommandExecutor.execute(DriverCommandExecutor.java:83)
	at org.openqa.selenium.remote.RemoteWebDriver.execute(RemoteWebDriver.java:586)
	at org.openqa.selenium.remote.RemoteWebDriver.startSession(RemoteWebDriver.java:217)
	at org.openqa.selenium.remote.RemoteWebDriver.<init>(RemoteWebDriver.java:140)
	at org.openqa.selenium.chrome.ChromeDriver.<init>(ChromeDriver.java:181)
	at org.openqa.selenium.chrome.ChromeDriver.<init>(ChromeDriver.java:168)
	at org.openqa.selenium.chrome.ChromeDriver.<init>(ChromeDriver.java:123)
	at com.training.utility.DriverFactory.getDriver(DriverFactory.java:24)
	at com.training.sanity.tests.AddNewItemTest.setUpBeforeClass(AddNewItemTest.java:34)
	at java.base/jdk.internal.reflect.NativeMethodAccessorImpl.invoke0(Native Method)
	at java.base/jdk.internal.reflect.NativeMethodAccessorImpl.invoke(NativeMethodAccessorImpl.java:62)
	at java.base/jdk.internal.reflect.DelegatingMethodAccessorImpl.invoke(DelegatingMethodAccessorImpl.java:43)
	at java.base/java.lang.reflect.Method.invoke(Method.java:566)
	at org.testng.internal.MethodInvocationHelper.invokeMethod(MethodInvocationHelper.java:108)
	at org.testng.internal.Invoker.invokeConfigurationMethod(Invoker.java:523)
	at org.testng.internal.Invoker.invokeConfigurations(Invoker.java:224)
	at org.testng.internal.Invoker.invokeConfigurations(Invoker.java:146)
	at org.testng.TestRunner.beforeRun(TestRunner.java:626)
	at org.testng.TestRunner.run(TestRunner.java:594)
	at org.testng.SuiteRunner.runTest(SuiteRunner.java:380)
	at org.testng.SuiteRunner.runSequentially(SuiteRunner.java:375)
	at org.testng.SuiteRunner.privateRun(SuiteRunner.java:340)
	at org.testng.SuiteRunner.run(SuiteRunner.java:289)
	at org.testng.SuiteRunnerWorker.runSuite(SuiteRunnerWorker.java:52)
	at org.testng.SuiteRunnerWorker.run(SuiteRunnerWorker.java:86)
	at org.testng.TestNG.runSuitesSequentially(TestNG.java:1301)
	at org.testng.TestNG.runSuitesLocally(TestNG.java:1226)
	at org.testng.TestNG.runSuites(TestNG.java:1144)
	at org.testng.TestNG.run(TestNG.java:1115)
	at org.testng.remote.AbstractRemoteTestNG.run(AbstractRemoteTestNG.java:115)
	at org.testng.remote.RemoteTestNG.initAndRun(RemoteTestNG.java:251)
	at org.testng.remote.RemoteTestNG.main(RemoteTestNG.java:77)
]]>
    </error>
  </testcase> <!-- setUpBeforeClass -->
</testsuite> <!-- com.training.sanity.tests.AddNewItemTest -->
